<?xml version="1.0" encoding="UTF-8"?>
<testsuite name="com.cfhayes.demo.flight.repository.FlightRepositoryTest" tests="2" skipped="0" failures="0" errors="0" timestamp="2025-10-25T03:42:40.858Z" hostname="chayes-dev" time="0.615">
  <properties/>
  <testcase name="shouldHaveThreeSeededFlights()" classname="com.cfhayes.demo.flight.repository.FlightRepositoryTest" time="0.586"/>
  <testcase name="shouldHaveCorrectSeededFlightData()" classname="com.cfhayes.demo.flight.repository.FlightRepositoryTest" time="0.027"/>
  <system-out><![CDATA[21:42:39.147 [Test worker] INFO org.springframework.test.context.support.AnnotationConfigContextLoaderUtils -- Could not detect default configuration classes for test class [com.cfhayes.demo.flight.repository.FlightRepositoryTest]: FlightRepositoryTest does not declare any static, non-private, non-final, nested classes annotated with @Configuration.
21:42:39.233 [Test worker] INFO org.springframework.boot.test.context.SpringBootTestContextBootstrapper -- Found @SpringBootConfiguration com.cfhayes.demo.flight.FlightSearchDemoApplication for test class com.cfhayes.demo.flight.repository.FlightRepositoryTest

  .   ____          _            __ _ _
 /\\ / ___'_ __ _ _(_)_ __  __ _ \ \ \ \
( ( )\___ | '_ | '_| | '_ \/ _` | \ \ \ \
 \\/  ___)| |_)| | | | | || (_| |  ) ) ) )
  '  |____| .__|_| |_|_| |_\__, | / / / /
 =========|_|==============|___/=/_/_/_/

 :: Spring Boot ::                (v3.3.4)

2025-10-24T21:42:39.481-06:00  INFO 1297525 --- [flight-search-demo] [    Test worker] c.c.d.f.repository.FlightRepositoryTest  : Starting FlightRepositoryTest using Java 21.0.8 with PID 1297525 (started by chayes in /home/chayes/projects/flight-search/backend)
2025-10-24T21:42:39.483-06:00  INFO 1297525 --- [flight-search-demo] [    Test worker] c.c.d.f.repository.FlightRepositoryTest  : No active profile set, falling back to 1 default profile: "default"
2025-10-24T21:42:39.690-06:00  INFO 1297525 --- [flight-search-demo] [    Test worker] .s.d.r.c.RepositoryConfigurationDelegate : Bootstrapping Spring Data JPA repositories in DEFAULT mode.
2025-10-24T21:42:39.717-06:00  INFO 1297525 --- [flight-search-demo] [    Test worker] .s.d.r.c.RepositoryConfigurationDelegate : Finished Spring Data repository scanning in 23 ms. Found 1 JPA repository interface.
2025-10-24T21:42:39.743-06:00  INFO 1297525 --- [flight-search-demo] [    Test worker] beddedDataSourceBeanFactoryPostProcessor : Replacing 'dataSource' DataSource bean with embedded version
2025-10-24T21:42:39.831-06:00  INFO 1297525 --- [flight-search-demo] [    Test worker] o.s.j.d.e.EmbeddedDatabaseFactory        : Starting embedded database: url='jdbc:h2:mem:2ce8826b-5d8e-4e84-adb3-5d960b99c1cb;DB_CLOSE_DELAY=-1;DB_CLOSE_ON_EXIT=false', username='sa'
2025-10-24T21:42:39.982-06:00  INFO 1297525 --- [flight-search-demo] [    Test worker] o.hibernate.jpa.internal.util.LogHelper  : HHH000204: Processing PersistenceUnitInfo [name: default]
2025-10-24T21:42:40.011-06:00  INFO 1297525 --- [flight-search-demo] [    Test worker] org.hibernate.Version                    : HHH000412: Hibernate ORM core version 6.5.3.Final
2025-10-24T21:42:40.029-06:00  INFO 1297525 --- [flight-search-demo] [    Test worker] o.h.c.internal.RegionFactoryInitiator    : HHH000026: Second-level cache disabled
2025-10-24T21:42:40.193-06:00  INFO 1297525 --- [flight-search-demo] [    Test worker] o.s.o.j.p.SpringPersistenceUnitInfo      : No LoadTimeWeaver setup: ignoring JPA class transformer
2025-10-24T21:42:40.221-06:00  WARN 1297525 --- [flight-search-demo] [    Test worker] org.hibernate.orm.deprecation            : HHH90000025: H2Dialect does not need to be specified explicitly using 'hibernate.dialect' (remove the property setting and it will be selected by default)
2025-10-24T21:42:40.650-06:00  INFO 1297525 --- [flight-search-demo] [    Test worker] o.h.e.t.j.p.i.JtaPlatformInitiator       : HHH000489: No JTA platform available (set 'hibernate.transaction.jta.platform' to enable JTA platform integration)
Hibernate: drop table if exists flights cascade 
Hibernate: create table flights (departure_date date not null, passengers integer not null, return_date date not null, created_at timestamp(6) not null, id bigint generated by default as identity, updated_at timestamp(6) not null, destination varchar(255) not null, origin varchar(255) not null, travel_class varchar(255) not null, primary key (id))
2025-10-24T21:42:40.668-06:00  INFO 1297525 --- [flight-search-demo] [    Test worker] j.LocalContainerEntityManagerFactoryBean : Initialized JPA EntityManagerFactory for persistence unit 'default'
2025-10-24T21:42:40.850-06:00  INFO 1297525 --- [flight-search-demo] [    Test worker] c.c.d.f.repository.FlightRepositoryTest  : Started FlightRepositoryTest in 1.551 seconds (process running for 2.194)
Hibernate: select count(*) from flights f1_0
Hibernate: select f1_0.id,f1_0.created_at,f1_0.departure_date,f1_0.destination,f1_0.origin,f1_0.passengers,f1_0.return_date,f1_0.travel_class,f1_0.updated_at from flights f1_0
]]></system-out>
  <system-err><![CDATA[WARNING: A Java agent has been loaded dynamically (/home/chayes/.gradle/caches/modules-2/files-2.1/net.bytebuddy/byte-buddy-agent/1.14.19/154da3a65b4f4a909d3e5bdec55d1b2b4cbb6ce1/byte-buddy-agent-1.14.19.jar)
WARNING: If a serviceability tool is in use, please run with -XX:+EnableDynamicAgentLoading to hide this warning
WARNING: If a serviceability tool is not in use, please run with -Djdk.instrument.traceUsage for more information
WARNING: Dynamic loading of agents will be disallowed by default in a future release
]]></system-err>
</testsuite>
